<?xml version="1.0" encoding="UTF-8"?>
<!-- Generated by org.testng.reporters.JUnitReportReporter -->
<testsuite skipped="0" hostname="WINCTRL-3RTTHES" name="homepage.Tc001custemer_registration" tests="1" failures="0" timestamp="20 Jan 2019 16:52:09 GMT" time="18.266" errors="0">
  <testcase name="f" time="18.266" classname="homepage.Tc001custemer_registration"/>
</testsuite> <!-- homepage.Tc001custemer_registration -->
